#
# There is insufficient memory for the Java Runtime Environment to continue.
# Native memory allocation (malloc) failed to allocate 1048576 bytes for AllocateHeap
# Possible reasons:
#   The system is out of physical RAM or swap space
#   In 32 bit mode, the process size limit was hit
# Possible solutions:
#   Reduce memory load on the system
#   Increase physical memory or swap space
#   Check if swap backing store is full
#   Use 64 bit Java on a 64 bit OS
#   Decrease Java heap size (-Xmx/-Xms)
#   Decrease number of Java threads
#   Decrease Java thread stack sizes (-Xss)
#   Set larger code cache with -XX:ReservedCodeCacheSize=
# This output file may be truncated or incomplete.
#
#  Out of Memory Error (memory/allocation.inline.hpp:61), pid=9164, tid=8036
#
# JRE version:  (8.0_45-b15) (build )
# Java VM: Java HotSpot(TM) 64-Bit Server VM (25.45-b02 mixed mode windows-amd64 compressed oops)
# Failed to write core dump. Minidumps are not enabled by default on client versions of Windows
#

---------------  T H R E A D  ---------------

Current thread (0x00000000029d0800):  JavaThread "Unknown thread" [_thread_in_vm, id=8036, stack(0x00000000028c0000,0x00000000029c0000)]

Stack: [0x00000000028c0000,0x00000000029c0000]
Native frames: (J=compiled Java code, j=interpreted, Vv=VM code, C=native code)
V  [jvm.dll+0x32b57a]
V  [jvm.dll+0x279873]
V  [jvm.dll+0x27a509]
V  [jvm.dll+0x271825]
V  [jvm.dll+0x1606]
V  [jvm.dll+0x3f7fb2]
V  [jvm.dll+0x3f898f]
V  [jvm.dll+0x3f8a5d]
V  [jvm.dll+0x3f8c26]
V  [jvm.dll+0xf2cf2]
V  [jvm.dll+0x20f0c9]
V  [jvm.dll+0x240e0a]
V  [jvm.dll+0x15ba41]
C  [java.exe+0x216e]
C  [java.exe+0xcce7]
C  [java.exe+0xcd7b]
C  [KERNEL32.DLL+0x16ad]
C  [ntdll.dll+0x734a5]


---------------  P R O C E S S  ---------------

Java Threads: ( => current thread )

Other Threads:

=>0x00000000029d0800 (exited) JavaThread "Unknown thread" [_thread_in_vm, id=8036, stack(0x00000000028c0000,0x00000000029c0000)]

VM state:not at safepoint (normal execution)

VM Mutex/Monitor currently owned by a thread: None

Heap:
 PSYoungGen      total 38400K, used 665K [0x00000000d5d00000, 0x00000000d8780000, 0x0000000100000000)
  eden space 33280K, 2% used [0x00000000d5d00000,0x00000000d5da6670,0x00000000d7d80000)
  from space 5120K, 0% used [0x00000000d8280000,0x00000000d8280000,0x00000000d8780000)
  to   space 5120K, 0% used [0x00000000d7d80000,0x00000000d7d80000,0x00000000d8280000)
 ParOldGen       total 87552K, used 0K [0x0000000081600000, 0x0000000086b80000, 0x00000000d5d00000)
  object space 87552K, 0% used [0x0000000081600000,0x0000000081600000,0x0000000086b80000)
 Metaspace       used 766K, capacity 4480K, committed 4480K, reserved 1056768K
  class space    used 75K, capacity 384K, committed 384K, reserved 1048576K

Card table byte_map: [0x0000000011e90000,0x0000000012290000] byte_map_base: 0x0000000011a85000

Marking Bits: (ParMarkBitMap*) 0x0000000064884040
 Begin Bits: [0x0000000012d40000, 0x0000000014ce8000)
 End Bits:   [0x0000000014ce8000, 0x0000000016c90000)

Polling page: 0x0000000002860000

CodeCache: size=245760Kb used=328Kb max_used=328Kb free=245431Kb
 bounds [0x0000000002ad0000, 0x0000000002d40000, 0x0000000011ad0000]
 total_blobs=57 nmethods=0 adapters=37
 compilation: enabled

Compilation events (0 events):
No events

GC Heap History (0 events):
No events

Deoptimization events (0 events):
No events

Internal exceptions (0 events):
No events

Events (10 events):
Event: 0.662 loading class java/lang/Short
Event: 0.663 loading class java/lang/Short done
Event: 0.663 loading class java/lang/Integer
Event: 0.663 loading class java/lang/Integer done
Event: 0.663 loading class java/lang/Long
Event: 0.664 loading class java/lang/Long done
Event: 0.677 loading class java/lang/NullPointerException
Event: 0.678 loading class java/lang/NullPointerException done
Event: 0.678 loading class java/lang/ArithmeticException
Event: 0.678 loading class java/lang/ArithmeticException done


Dynamic libraries:
0x00007ff767070000 - 0x00007ff7670a7000 	C:\Program Files\Java\jdk1.8.0_45\bin\java.exe
0x00007ffd3e570000 - 0x00007ffd3e71a000 	C:\Windows\SYSTEM32\ntdll.dll
0x00007ffd3b370000 - 0x00007ffd3b4aa000 	C:\Windows\system32\KERNEL32.DLL
0x00007ffd3a7a0000 - 0x00007ffd3a8af000 	C:\Windows\system32\KERNELBASE.dll
0x00007ffd39210000 - 0x00007ffd39298000 	C:\Windows\system32\apphelp.dll
0x00007ffd22c30000 - 0x00007ffd22c7f000 	C:\Windows\AppPatch\AppPatch64\AcGenral.DLL
0x00007ffd3aae0000 - 0x00007ffd3ab87000 	C:\Windows\system32\msvcrt.dll
0x00007ffd3a410000 - 0x00007ffd3a43b000 	C:\Windows\SYSTEM32\SspiCli.dll
0x00007ffd3cf10000 - 0x00007ffd3cf61000 	C:\Windows\system32\SHLWAPI.dll
0x00007ffd3ad80000 - 0x00007ffd3aef1000 	C:\Windows\system32\USER32.dll
0x00007ffd3b1f0000 - 0x00007ffd3b368000 	C:\Windows\system32\ole32.dll
0x00007ffd3baf0000 - 0x00007ffd3cf0f000 	C:\Windows\system32\SHELL32.dll
0x00007ffd39bd0000 - 0x00007ffd39bee000 	C:\Windows\SYSTEM32\USERENV.dll
0x00007ffd3d1b0000 - 0x00007ffd3d255000 	C:\Windows\system32\ADVAPI32.dll
0x00007ffd2b310000 - 0x00007ffd2b32b000 	C:\Windows\SYSTEM32\MPR.dll
0x00007ffd3af00000 - 0x00007ffd3b037000 	C:\Windows\system32\RPCRT4.dll
0x00007ffd3b040000 - 0x00007ffd3b097000 	C:\Windows\SYSTEM32\sechost.dll
0x00007ffd3b7a0000 - 0x00007ffd3b976000 	C:\Windows\SYSTEM32\combase.dll
0x00007ffd3b4b0000 - 0x00007ffd3b5f4000 	C:\Windows\system32\GDI32.dll
0x00007ffd3a5d0000 - 0x00007ffd3a5e4000 	C:\Windows\SYSTEM32\profapi.dll
0x00007ffd38ea0000 - 0x00007ffd38f3f000 	C:\Windows\SYSTEM32\SHCORE.dll
0x00007ffd3b0b0000 - 0x00007ffd3b0e4000 	C:\Windows\system32\IMM32.DLL
0x00007ffd3aba0000 - 0x00007ffd3acd9000 	C:\Windows\system32\MSCTF.dll
0x00007ffd38660000 - 0x00007ffd388ba000 	C:\Windows\WinSxS\amd64_microsoft.windows.common-controls_6595b64144ccf1df_6.0.9600.17031_none_6242a4b3ecbb55a1\COMCTL32.dll
0x00007ffd29240000 - 0x00007ffd292d3000 	C:\Program Files (x86)\AVG\AVG2015\avghooka.dll
0x0000000064b40000 - 0x0000000064c12000 	C:\Program Files\Java\jdk1.8.0_45\jre\bin\msvcr100.dll
0x0000000064080000 - 0x0000000064903000 	C:\Program Files\Java\jdk1.8.0_45\jre\bin\server\jvm.dll
0x00007ffd20ff0000 - 0x00007ffd20ff9000 	C:\Windows\SYSTEM32\WSOCK32.dll
0x00007ffd2b2f0000 - 0x00007ffd2b30f000 	C:\Windows\SYSTEM32\WINMM.dll
0x00007ffd2dc80000 - 0x00007ffd2dc8a000 	C:\Windows\SYSTEM32\VERSION.dll
0x00007ffd3ab90000 - 0x00007ffd3ab97000 	C:\Windows\system32\PSAPI.DLL
0x00007ffd3d150000 - 0x00007ffd3d1a8000 	C:\Windows\system32\WS2_32.dll
0x00007ffd2b2c0000 - 0x00007ffd2b2ea000 	C:\Windows\SYSTEM32\WINMMBASE.dll
0x00007ffd3ad70000 - 0x00007ffd3ad79000 	C:\Windows\system32\NSI.dll
0x00007ffd3a6a0000 - 0x00007ffd3a6ea000 	C:\Windows\SYSTEM32\cfgmgr32.dll
0x00007ffd39480000 - 0x00007ffd394a6000 	C:\Windows\SYSTEM32\DEVOBJ.dll
0x0000000064b30000 - 0x0000000064b3f000 	C:\Program Files\Java\jdk1.8.0_45\jre\bin\verify.dll
0x0000000064b00000 - 0x0000000064b29000 	C:\Program Files\Java\jdk1.8.0_45\jre\bin\java.dll
0x0000000064ae0000 - 0x0000000064af6000 	C:\Program Files\Java\jdk1.8.0_45\jre\bin\zip.dll
0x00007ffd1d050000 - 0x00007ffd1d1d8000 	C:\Windows\SYSTEM32\dbghelp.dll

VM Arguments:
java_command: <unknown>
java_class_path (initial): .
Launcher Type: SUN_STANDARD

Environment Variables:
JAVA_HOME=C:\Program Files\Java\jdk1.8.0_45
PATH=C:\Program Files\Java\jdk1.8.0_45\bin;C:\ProgramData\Oracle\Java\javapath;C:\PROGRAM FILES (X86)\INTEL\ICLS CLIENT\;C:\PROGRAM FILES\INTEL\ICLS CLIENT\;C:\Windows\SYSTEM32;C:\Windows;C:\Windows\SYSTEM32\WBEM;C:\Windows\SYSTEM32\WINDOWSPOWERSHELL\V1.0\;C:\PROGRAM FILES\INTEL\INTEL(R) MANAGEMENT ENGINE COMPONENTS\DAL;C:\PROGRAM FILES\INTEL\INTEL(R) MANAGEMENT ENGINE COMPONENTS\IPT;C:\PROGRAM FILES (X86)\INTEL\INTEL(R) MANAGEMENT ENGINE COMPONENTS\DAL;C:\PROGRAM FILES (X86)\INTEL\INTEL(R) MANAGEMENT ENGINE COMPONENTS\IPT;C:\Program Files\nodejs\;C:\Program Files (x86)\Skype\Phone\;C:\apache-ant\bin;C:\Program Files\Java\Android\sdk\tools\;C:\Program Files (x86)\Git\cmd;C:\Users\Jtabuyo\AppData\Roaming\npm
USERNAME=Jtabuyo
OS=Windows_NT
PROCESSOR_IDENTIFIER=Intel64 Family 6 Model 60 Stepping 3, GenuineIntel



---------------  S Y S T E M  ---------------

OS: Windows 8.1 , 64 bit Build 9600 (6.3.9600.17056)

CPU:total 8 (4 cores per cpu, 2 threads per core) family 6 model 60 stepping 3, cmov, cx8, fxsr, mmx, sse, sse2, sse3, ssse3, sse4.1, sse4.2, popcnt, avx, avx2, aes, clmul, erms, lzcnt, ht, tsc, tscinvbit, bmi1, bmi2

Memory: 4k page, physical 8291592k(1022988k free), swap 8291592k(4840k free)

vm_info: Java HotSpot(TM) 64-Bit Server VM (25.45-b02) for windows-amd64 JRE (1.8.0_45-b15), built on Apr 30 2015 12:40:44 by "java_re" with MS VC++ 10.0 (VS2010)

time: Fri Aug 28 15:30:35 2015
elapsed time: 0 seconds (0d 0h 0m 0s)

